<?xml version="1.0" encoding="UTF-8"?>
<!-- Generated by org.testng.reporters.JUnitXMLReporter -->
<testsuite ignored="0" hostname="Vanithaa" failures="0" tests="5" name="Test" time="26.574" errors="0" timestamp="11 Apr 2021 12:27:46 GMT">
  <testcase classname="org.auto.sample.BlazeDemoAutomation" name="tc0" time="3.326"/>
  <testcase classname="org.auto.sample.BlazeDemoAutomation" name="tc1" time="3.751"/>
  <testcase classname="org.auto.sample.BlazeDemoAutomation" name="tc2" time="0.894"/>
  <testcase classname="org.auto.sample.BlazeDemoAutomation" name="tc3" time="10.404"/>
  <testcase classname="org.auto.sample.BlazeDemoAutomation" name="tc4" time="0.45"/>
</testsuite> <!-- Test -->
