<?xml version="1.0" encoding="UTF-8"?>
<testng-results ignored="0" total="5" passed="5" failed="0" skipped="0">
  <reporter-output>
  </reporter-output>
  <suite started-at="2021-04-11T12:27:20Z" name="Suite" finished-at="2021-04-11T12:27:46Z" duration-ms="26574">
    <groups>
    </groups>
    <test started-at="2021-04-11T12:27:20Z" name="Test" finished-at="2021-04-11T12:27:46Z" duration-ms="26574">
      <class name="org.auto.sample.BlazeDemoAutomation">
        <test-method is-config="true" signature="beforeClass()[pri:0, instance:org.auto.sample.BlazeDemoAutomation@3e74829]" started-at="2021-04-11T12:27:20Z" name="beforeClass" finished-at="2021-04-11T12:27:22Z" duration-ms="2301" status="PASS">
          <reporter-output>
          </reporter-output>
        </test-method> <!-- beforeClass -->
        <test-method signature="tc0()[pri:0, instance:org.auto.sample.BlazeDemoAutomation@3e74829]" started-at="2021-04-11T12:27:22Z" name="tc0" finished-at="2021-04-11T12:27:26Z" duration-ms="3326" status="PASS">
          <reporter-output>
          </reporter-output>
        </test-method> <!-- tc0 -->
        <test-method is-config="true" signature="afterMethod(java.lang.reflect.Method)[pri:0, instance:org.auto.sample.BlazeDemoAutomation@3e74829]" started-at="2021-04-11T12:27:26Z" name="afterMethod" finished-at="2021-04-11T12:27:26Z" duration-ms="383" status="PASS">
          <params>
            <param index="0">
              <value>
                <![CDATA[private void org.auto.sample.BlazeDemoAutomation.tc0() throws java.io.IOException]]>
              </value>
            </param>
          </params>
          <reporter-output>
          </reporter-output>
        </test-method> <!-- afterMethod -->
        <test-method signature="tc1(java.lang.String, java.lang.String)[pri:0, instance:org.auto.sample.BlazeDemoAutomation@3e74829]" started-at="2021-04-11T12:27:26Z" name="tc1" finished-at="2021-04-11T12:27:30Z" duration-ms="3751" status="PASS">
          <params>
            <param index="0">
              <value>
                <![CDATA[Portland]]>
              </value>
            </param>
            <param index="1">
              <value>
                <![CDATA[Dublin]]>
              </value>
            </param>
          </params>
          <reporter-output>
          </reporter-output>
        </test-method> <!-- tc1 -->
        <test-method is-config="true" signature="afterMethod(java.lang.reflect.Method)[pri:0, instance:org.auto.sample.BlazeDemoAutomation@3e74829]" started-at="2021-04-11T12:27:30Z" name="afterMethod" finished-at="2021-04-11T12:27:30Z" duration-ms="467" status="PASS">
          <params>
            <param index="0">
              <value>
                <![CDATA[private void org.auto.sample.BlazeDemoAutomation.tc1(java.lang.String,java.lang.String) throws java.io.IOException]]>
              </value>
            </param>
          </params>
          <reporter-output>
          </reporter-output>
        </test-method> <!-- afterMethod -->
        <test-method signature="tc2()[pri:0, instance:org.auto.sample.BlazeDemoAutomation@3e74829]" started-at="2021-04-11T12:27:30Z" name="tc2" finished-at="2021-04-11T12:27:31Z" duration-ms="894" status="PASS">
          <reporter-output>
          </reporter-output>
        </test-method> <!-- tc2 -->
        <test-method is-config="true" signature="afterMethod(java.lang.reflect.Method)[pri:0, instance:org.auto.sample.BlazeDemoAutomation@3e74829]" started-at="2021-04-11T12:27:31Z" name="afterMethod" finished-at="2021-04-11T12:27:31Z" duration-ms="437" status="PASS">
          <params>
            <param index="0">
              <value>
                <![CDATA[private void org.auto.sample.BlazeDemoAutomation.tc2()]]>
              </value>
            </param>
          </params>
          <reporter-output>
          </reporter-output>
        </test-method> <!-- afterMethod -->
        <test-method signature="tc3(java.lang.String, java.lang.String, java.lang.String, java.lang.String, java.lang.String, java.lang.String, java.lang.String, java.lang.String, java.lang.String, java.lang.String)[pri:0, instance:org.auto.sample.BlazeDemoAutomation@3e74829]" started-at="2021-04-11T12:27:31Z" name="tc3" finished-at="2021-04-11T12:27:42Z" duration-ms="10404" status="PASS">
          <params>
            <param index="0">
              <value>
                <![CDATA[Ganeesh]]>
              </value>
            </param>
            <param index="1">
              <value>
                <![CDATA[OMR]]>
              </value>
            </param>
            <param index="2">
              <value>
                <![CDATA[Chennai]]>
              </value>
            </param>
            <param index="3">
              <value>
                <![CDATA[TamilNadu]]>
              </value>
            </param>
            <param index="4">
              <value>
                <![CDATA[600097]]>
              </value>
            </param>
            <param index="5">
              <value>
                <![CDATA[American Express]]>
              </value>
            </param>
            <param index="6">
              <value>
                <![CDATA[1234567812345678]]>
              </value>
            </param>
            <param index="7">
              <value>
                <![CDATA[11]]>
              </value>
            </param>
            <param index="8">
              <value>
                <![CDATA[2018]]>
              </value>
            </param>
            <param index="9">
              <value>
                <![CDATA[GaneeshKarthik]]>
              </value>
            </param>
          </params>
          <reporter-output>
          </reporter-output>
        </test-method> <!-- tc3 -->
        <test-method is-config="true" signature="afterMethod(java.lang.reflect.Method)[pri:0, instance:org.auto.sample.BlazeDemoAutomation@3e74829]" started-at="2021-04-11T12:27:42Z" name="afterMethod" finished-at="2021-04-11T12:27:42Z" duration-ms="392" status="PASS">
          <params>
            <param index="0">
              <value>
                <![CDATA[private void org.auto.sample.BlazeDemoAutomation.tc3(java.lang.String,java.lang.String,java.lang.String,java.lang.String,java.lang.String,java.lang.String,java.lang.String,java.lang.String,java.lang.String,java.lang.String) throws java.io.IOException]]>
              </value>
            </param>
          </params>
          <reporter-output>
          </reporter-output>
        </test-method> <!-- afterMethod -->
        <test-method signature="tc4()[pri:0, instance:org.auto.sample.BlazeDemoAutomation@3e74829]" started-at="2021-04-11T12:27:42Z" name="tc4" finished-at="2021-04-11T12:27:43Z" duration-ms="450" status="PASS">
          <reporter-output>
          </reporter-output>
        </test-method> <!-- tc4 -->
        <test-method is-config="true" signature="afterMethod(java.lang.reflect.Method)[pri:0, instance:org.auto.sample.BlazeDemoAutomation@3e74829]" started-at="2021-04-11T12:27:43Z" name="afterMethod" finished-at="2021-04-11T12:27:43Z" duration-ms="407" status="PASS">
          <params>
            <param index="0">
              <value>
                <![CDATA[private void org.auto.sample.BlazeDemoAutomation.tc4() throws java.io.IOException]]>
              </value>
            </param>
          </params>
          <reporter-output>
          </reporter-output>
        </test-method> <!-- afterMethod -->
        <test-method is-config="true" signature="afterClass()[pri:0, instance:org.auto.sample.BlazeDemoAutomation@3e74829]" started-at="2021-04-11T12:27:43Z" name="afterClass" finished-at="2021-04-11T12:27:46Z" duration-ms="3333" status="PASS">
          <reporter-output>
          </reporter-output>
        </test-method> <!-- afterClass -->
      </class> <!-- org.auto.sample.BlazeDemoAutomation -->
    </test> <!-- Test -->
  </suite> <!-- Suite -->
</testng-results>
